<?xml version="1.0" encoding="UTF-8"?>
<testng-results skipped="0" failed="0" ignored="0" total="1" passed="1">
  <reporter-output>
  </reporter-output>
  <suite name="Default suite" duration-ms="11705" started-at="2021-02-03T19:53:22 CST" finished-at="2021-02-03T19:53:33 CST">
    <groups>
    </groups>
    <test name="Default test" duration-ms="11705" started-at="2021-02-03T19:53:22 CST" finished-at="2021-02-03T19:53:33 CST">
      <class name="test.LoginTest">
        <test-method status="PASS" signature="validUserShouldLogin()[pri:0, instance:test.LoginTest@45752059]" name="validUserShouldLogin" duration-ms="11645" started-at="2021-02-03T19:53:22 CST" finished-at="2021-02-03T19:53:33 CST">
          <reporter-output>
          </reporter-output>
        </test-method> <!-- validUserShouldLogin -->
      </class> <!-- test.LoginTest -->
    </test> <!-- Default test -->
  </suite> <!-- Default suite -->
</testng-results>
